TN:
SF:src/App.js
FN:13,NavItem
FN:17,(anonymous_1)
FN:31,AppLayout
FN:64,App
FNF:4
FNH:3
FNDA:8,NavItem
FNDA:8,(anonymous_1)
FNDA:2,AppLayout
FNDA:0,App
DA:14,8
DA:18,8
DA:32,2
DA:65,0
LF:4
LH:3
BRDA:19,0,0,2
BRDA:19,0,1,6
BRF:2
BRH:2
end_of_record
TN:
SF:src/pages/AgentsManagement.js
FN:15,AgentsManagement
FN:22,(anonymous_1)
FN:22,(anonymous_2)
FN:24,(anonymous_3)
FN:26,(anonymous_4)
FN:46,(anonymous_5)
FN:51,(anonymous_6)
FN:56,(anonymous_7)
FN:81,(anonymous_8)
FN:90,(anonymous_9)
FN:98,(anonymous_10)
FN:106,(anonymous_11)
FN:108,(anonymous_12)
FN:141,(anonymous_13)
FN:160,(anonymous_14)
FN:166,(anonymous_15)
FNF:16
FNH:8
FNDA:15,AgentsManagement
FNDA:7,(anonymous_1)
FNDA:7,(anonymous_2)
FNDA:6,(anonymous_3)
FNDA:1,(anonymous_4)
FNDA:0,(anonymous_5)
FNDA:0,(anonymous_6)
FNDA:0,(anonymous_7)
FNDA:1,(anonymous_8)
FNDA:0,(anonymous_9)
FNDA:0,(anonymous_10)
FNDA:0,(anonymous_11)
FNDA:45,(anonymous_12)
FNDA:17,(anonymous_13)
FNDA:0,(anonymous_14)
FNDA:0,(anonymous_15)
DA:5,1
DA:7,1
DA:13,1
DA:16,15
DA:17,15
DA:18,15
DA:19,15
DA:20,15
DA:22,15
DA:24,15
DA:26,15
DA:27,1
DA:28,1
DA:29,1
DA:30,1
DA:31,1
DA:32,0
DA:33,0
DA:35,1
DA:37,1
DA:38,1
DA:40,0
DA:42,1
DA:46,15
DA:47,0
DA:48,0
DA:51,15
DA:52,0
DA:53,0
DA:56,15
DA:57,0
DA:58,0
DA:59,0
DA:62,15
DA:81,1
DA:90,0
DA:98,0
DA:106,0
DA:108,45
DA:142,17
DA:160,0
DA:166,0
LF:42
LH:27
BRDA:31,0,0,0
BRDA:31,0,1,1
BRDA:40,1,0,0
BRDA:40,1,1,0
BRDA:48,2,0,0
BRDA:48,2,1,0
BRDA:48,3,0,0
BRDA:48,3,1,0
BRDA:57,4,0,0
BRDA:57,4,1,0
BRDA:69,5,0,0
BRDA:69,5,1,15
BRDA:71,6,0,15
BRDA:71,6,1,0
BRDA:117,7,0,0
BRDA:117,7,1,15
BRDA:119,8,0,15
BRDA:119,8,1,0
BRDA:137,9,0,7
BRDA:137,9,1,8
BRDA:146,10,0,17
BRDA:146,10,1,0
BRDA:149,11,0,17
BRDA:149,11,1,16
BRDA:153,12,0,17
BRDA:153,12,1,8
BRF:26
BRH:12
end_of_record
TN:
SF:src/pages/Dashboard.js
FN:6,StatCard
FN:20,Dashboard
FN:26,(anonymous_2)
FN:32,(anonymous_3)
FN:38,(anonymous_4)
FN:41,(anonymous_5)
FN:44,(anonymous_6)
FN:78,(anonymous_7)
FN:106,(anonymous_8)
FNF:9
FNH:9
FNDA:32,StatCard
FNDA:16,Dashboard
FNDA:8,(anonymous_2)
FNDA:8,(anonymous_3)
FNDA:8,(anonymous_4)
FNDA:14,(anonymous_5)
FNDA:14,(anonymous_6)
FNDA:14,(anonymous_7)
FNDA:16,(anonymous_8)
DA:7,32
DA:21,16
DA:22,16
DA:23,16
DA:24,16
DA:26,16
DA:27,8
DA:33,8
DA:34,8
DA:35,8
DA:38,8
DA:41,16
DA:43,16
DA:44,14
DA:46,16
DA:48,16
DA:49,8
DA:52,8
DA:79,14
DA:106,16
LF:20
LH:20
BRDA:41,0,0,14
BRDA:41,0,1,0
BRDA:43,1,0,7
BRDA:43,1,1,9
BRDA:44,2,0,14
BRDA:44,2,1,0
BRDA:48,3,0,8
BRDA:48,3,1,8
BRDA:74,4,0,1
BRDA:74,4,1,7
BRF:10
BRH:8
end_of_record
TN:
SF:src/pages/LandingPage.js
FN:5,FeatureCard
FN:17,StepCard
FN:31,LandingPage
FN:173,(anonymous_3)
FNF:4
FNH:4
FNDA:48,FeatureCard
FNDA:32,StepCard
FNDA:8,LandingPage
FNDA:56,(anonymous_3)
DA:6,48
DA:18,32
DA:32,8
DA:174,56
LF:4
LH:4
BRF:0
BRH:0
end_of_record
TN:
SF:src/pages/PromptDetail.js
FN:10,computeLineDiff
FN:16,(anonymous_1)
FN:44,MetricBadge
FN:53,PromptDetail
FN:66,(anonymous_4)
FN:80,(anonymous_5)
FN:81,(anonymous_6)
FN:85,(anonymous_7)
FN:91,(anonymous_8)
FN:94,(anonymous_9)
FN:100,(anonymous_10)
FN:113,(anonymous_11)
FN:116,(anonymous_12)
FN:127,(anonymous_13)
FN:185,(anonymous_14)
FN:201,(anonymous_15)
FN:211,(anonymous_16)
FN:252,(anonymous_17)
FN:267,(anonymous_18)
FN:286,(anonymous_19)
FN:305,(anonymous_20)
FN:348,(anonymous_21)
FN:352,(anonymous_22)
FN:368,(anonymous_23)
FN:372,(anonymous_24)
FNF:25
FNH:18
FNDA:10,computeLineDiff
FNDA:21,(anonymous_1)
FNDA:99,MetricBadge
FNDA:45,PromptDetail
FNDA:10,(anonymous_4)
FNDA:12,(anonymous_5)
FNDA:12,(anonymous_6)
FNDA:12,(anonymous_7)
FNDA:12,(anonymous_8)
FNDA:0,(anonymous_9)
FNDA:0,(anonymous_10)
FNDA:0,(anonymous_11)
FNDA:0,(anonymous_12)
FNDA:0,(anonymous_13)
FNDA:33,(anonymous_14)
FNDA:33,(anonymous_15)
FNDA:0,(anonymous_16)
FNDA:66,(anonymous_17)
FNDA:10,(anonymous_18)
FNDA:0,(anonymous_19)
FNDA:33,(anonymous_20)
FNDA:19,(anonymous_21)
FNDA:1,(anonymous_22)
FNDA:18,(anonymous_23)
FNDA:16,(anonymous_24)
DA:11,10
DA:12,10
DA:13,10
DA:14,10
DA:16,21
DA:17,10
DA:18,11
DA:19,20
DA:20,10
DA:22,10
DA:27,10
DA:28,10
DA:29,10
DA:30,19
DA:31,10
DA:32,10
DA:33,9
DA:34,8
DA:35,8
DA:37,1
DA:38,1
DA:41,10
DA:45,99
DA:54,45
DA:55,45
DA:56,45
DA:57,45
DA:58,45
DA:59,45
DA:60,45
DA:61,45
DA:62,45
DA:63,45
DA:64,45
DA:66,45
DA:67,10
DA:68,10
DA:69,10
DA:70,10
DA:71,10
DA:72,10
DA:74,0
DA:76,10
DA:80,45
DA:81,12
DA:82,12
DA:84,12
DA:85,12
DA:86,12
DA:88,12
DA:91,12
DA:94,45
DA:95,0
DA:96,0
DA:97,0
DA:100,45
DA:101,0
DA:102,0
DA:103,0
DA:104,0
DA:105,0
DA:107,0
DA:109,0
DA:113,45
DA:114,0
DA:115,0
DA:116,0
DA:119,45
DA:121,33
DA:127,0
DA:186,33
DA:202,33
DA:211,0
DA:253,66
DA:267,10
DA:287,0
DA:306,33
DA:348,19
DA:352,1
DA:368,18
DA:373,16
LF:81
LH:64
BRDA:11,0,0,10
BRDA:11,0,1,0
BRDA:12,1,0,10
BRDA:12,1,1,0
BRDA:19,2,0,10
BRDA:19,2,1,10
BRDA:29,3,0,10
BRDA:29,3,1,10
BRDA:30,4,0,10
BRDA:30,4,1,9
BRDA:30,5,0,19
BRDA:30,5,1,19
BRDA:30,5,2,18
BRDA:33,6,0,8
BRDA:33,6,1,1
BRDA:33,7,0,9
BRDA:33,7,1,8
BRDA:33,7,2,8
BRDA:85,8,0,12
BRDA:85,8,1,0
BRDA:86,9,0,0
BRDA:86,9,1,12
BRDA:86,10,0,12
BRDA:86,10,1,0
BRDA:95,11,0,0
BRDA:95,11,1,0
BRDA:107,12,0,0
BRDA:107,12,1,0
BRDA:119,13,0,12
BRDA:119,13,1,33
BRDA:137,14,0,0
BRDA:137,14,1,33
BRDA:151,15,0,45
BRDA:151,15,1,33
BRDA:181,16,0,45
BRDA:181,16,1,33
BRDA:198,17,0,33
BRDA:198,17,1,0
BRDA:199,18,0,45
BRDA:199,18,1,0
BRDA:205,19,0,33
BRDA:205,19,1,0
BRDA:206,20,0,33
BRDA:206,20,1,0
BRDA:210,21,0,33
BRDA:210,21,1,33
BRDA:212,22,0,33
BRDA:212,22,1,0
BRDA:225,23,0,0
BRDA:225,23,1,33
BRDA:227,24,0,45
BRDA:227,24,1,0
BRDA:230,25,0,45
BRDA:230,25,1,0
BRDA:248,26,0,0
BRDA:248,26,1,33
BRDA:257,27,0,33
BRDA:257,27,1,33
BRDA:265,28,0,66
BRDA:265,28,1,33
BRDA:282,29,0,45
BRDA:282,29,1,0
BRDA:290,30,0,0
BRDA:290,30,1,0
BRDA:291,31,0,0
BRDA:291,31,1,0
BRDA:297,32,0,45
BRDA:297,32,1,33
BRDA:301,33,0,45
BRDA:301,33,1,0
BRDA:310,34,0,33
BRDA:310,34,1,0
BRDA:312,35,0,33
BRDA:312,35,1,0
BRDA:326,36,0,45
BRDA:326,36,1,0
BRDA:335,37,0,45
BRDA:335,37,1,10
BRDA:368,38,0,2
BRDA:368,38,1,8
BRDA:376,39,0,1
BRDA:376,39,1,15
BRDA:378,40,0,8
BRDA:378,40,1,7
BRDA:384,41,0,1
BRDA:384,41,1,15
BRDA:385,42,0,8
BRDA:385,42,1,7
BRDA:387,43,0,1
BRDA:387,43,1,15
BRDA:387,44,0,8
BRDA:387,44,1,7
BRDA:389,45,0,16
BRDA:389,45,1,0
BRF:94
BRH:65
end_of_record
TN:
SF:src/pages/PromptEditor.js
FN:8,VarRow
FN:15,(anonymous_1)
FN:20,(anonymous_2)
FN:22,(anonymous_3)
FN:28,(anonymous_4)
FN:36,(anonymous_5)
FN:40,(anonymous_6)
FN:53,PromptEditor
FN:76,(anonymous_8)
FN:85,(anonymous_9)
FN:86,(anonymous_10)
FN:87,(anonymous_11)
FN:90,(anonymous_12)
FN:99,(anonymous_13)
FN:100,(anonymous_14)
FN:104,(anonymous_15)
FN:108,(anonymous_16)
FN:114,(anonymous_17)
FN:121,(anonymous_18)
FN:122,(anonymous_19)
FN:125,(anonymous_20)
FN:132,(anonymous_21)
FN:138,(anonymous_22)
FN:142,(anonymous_23)
FN:146,(anonymous_24)
FN:164,(anonymous_25)
FN:202,(anonymous_26)
FN:208,(anonymous_27)
FN:214,(anonymous_28)
FN:224,(anonymous_29)
FN:241,(anonymous_30)
FN:249,(anonymous_31)
FN:259,(anonymous_32)
FN:271,(anonymous_33)
FN:289,(anonymous_34)
FN:293,(anonymous_35)
FN:294,(anonymous_36)
FN:306,(anonymous_37)
FN:310,(anonymous_38)
FN:330,(anonymous_39)
FN:334,(anonymous_40)
FN:358,(anonymous_41)
FNF:42
FNH:20
FNDA:23,VarRow
FNDA:0,(anonymous_1)
FNDA:0,(anonymous_2)
FNDA:115,(anonymous_3)
FNDA:0,(anonymous_4)
FNDA:0,(anonymous_5)
FNDA:0,(anonymous_6)
FNDA:39,PromptEditor
FNDA:14,(anonymous_8)
FNDA:12,(anonymous_9)
FNDA:12,(anonymous_10)
FNDA:12,(anonymous_11)
FNDA:9,(anonymous_12)
FNDA:9,(anonymous_13)
FNDA:0,(anonymous_14)
FNDA:9,(anonymous_15)
FNDA:0,(anonymous_16)
FNDA:0,(anonymous_17)
FNDA:0,(anonymous_18)
FNDA:0,(anonymous_19)
FNDA:0,(anonymous_20)
FNDA:0,(anonymous_21)
FNDA:0,(anonymous_22)
FNDA:0,(anonymous_23)
FNDA:8,(anonymous_24)
FNDA:3,(anonymous_25)
FNDA:1,(anonymous_26)
FNDA:2,(anonymous_27)
FNDA:1,(anonymous_28)
FNDA:0,(anonymous_29)
FNDA:1,(anonymous_30)
FNDA:0,(anonymous_31)
FNDA:0,(anonymous_32)
FNDA:1,(anonymous_33)
FNDA:23,(anonymous_34)
FNDA:0,(anonymous_35)
FNDA:0,(anonymous_36)
FNDA:24,(anonymous_37)
FNDA:0,(anonymous_38)
FNDA:24,(anonymous_39)
FNDA:0,(anonymous_40)
FNDA:0,(anonymous_41)
DA:6,1
DA:9,23
DA:15,0
DA:20,0
DA:22,115
DA:28,0
DA:36,0
DA:40,0
DA:54,39
DA:55,39
DA:56,39
DA:58,39
DA:68,39
DA:69,39
DA:70,39
DA:71,39
DA:72,39
DA:73,39
DA:74,39
DA:76,39
DA:77,14
DA:78,14
DA:79,12
DA:80,12
DA:82,2
DA:85,39
DA:86,12
DA:87,12
DA:88,12
DA:89,9
DA:91,9
DA:92,9
DA:99,9
DA:100,0
DA:104,9
DA:108,39
DA:109,0
DA:110,0
DA:111,0
DA:114,39
DA:115,0
DA:121,39
DA:122,0
DA:125,39
DA:126,0
DA:127,0
DA:128,0
DA:129,0
DA:130,0
DA:131,0
DA:132,0
DA:133,0
DA:134,0
DA:138,39
DA:139,0
DA:140,0
DA:142,0
DA:146,39
DA:147,8
DA:148,8
DA:149,7
DA:150,7
DA:152,1
DA:153,1
DA:154,1
DA:155,1
DA:156,1
DA:158,0
DA:160,1
DA:164,39
DA:165,3
DA:166,3
DA:167,3
DA:168,3
DA:169,3
DA:170,1
DA:175,1
DA:177,2
DA:178,1
DA:181,1
DA:183,3
DA:187,39
DA:189,30
DA:202,1
DA:208,2
DA:214,1
DA:224,0
DA:241,1
DA:249,0
DA:259,0
DA:271,1
DA:290,23
DA:293,0
DA:294,0
DA:307,24
DA:310,0
DA:331,24
DA:334,0
DA:358,0
LF:99
LH:67
BRDA:35,0,0,23
BRDA:35,0,1,23
BRDA:78,1,0,12
BRDA:78,1,1,2
BRDA:80,2,0,12
BRDA:80,2,1,0
BRDA:88,3,0,9
BRDA:88,3,1,3
BRDA:94,4,0,9
BRDA:94,4,1,0
BRDA:97,5,0,9
BRDA:97,5,1,9
BRDA:98,6,0,9
BRDA:98,6,1,0
BRDA:127,7,0,0
BRDA:127,7,1,0
BRDA:142,8,0,0
BRDA:142,8,1,0
BRDA:148,9,0,7
BRDA:148,9,1,1
BRDA:158,10,0,0
BRDA:158,10,1,0
BRDA:169,11,0,1
BRDA:169,11,1,2
BRDA:181,12,0,1
BRDA:181,12,1,0
BRDA:187,13,0,9
BRDA:187,13,1,30
BRDA:191,14,0,30
BRDA:191,14,1,7
BRDA:229,15,0,23
BRDA:229,15,1,7
BRDA:231,16,0,39
BRDA:231,16,1,1
BRDA:302,17,0,39
BRDA:302,17,1,24
BRDA:312,18,0,23
BRDA:312,18,1,1
BRDA:316,19,0,23
BRDA:316,19,1,1
BRDA:326,20,0,39
BRDA:326,20,1,24
BRDA:336,21,0,0
BRDA:336,21,1,24
BRDA:354,22,0,4
BRDA:354,22,1,26
BRDA:354,23,0,20
BRDA:354,23,1,6
BRF:48
BRH:37
end_of_record
TN:
SF:src/pages/PromptList.js
FN:6,PromptList
FN:16,(anonymous_1)
FN:21,(anonymous_2)
FN:21,(anonymous_3)
FN:24,(anonymous_4)
FN:25,(anonymous_5)
FN:26,(anonymous_6)
FN:29,(anonymous_7)
FN:34,(anonymous_8)
FN:62,(anonymous_9)
FN:68,(anonymous_10)
FN:72,(anonymous_11)
FN:80,(anonymous_12)
FN:84,(anonymous_13)
FN:104,(anonymous_14)
FN:107,(anonymous_15)
FN:123,(anonymous_16)
FN:148,(anonymous_17)
FN:155,(anonymous_18)
FNF:19
FNH:14
FNDA:16,PromptList
FNDA:8,(anonymous_1)
FNDA:8,(anonymous_2)
FNDA:8,(anonymous_3)
FNDA:7,(anonymous_4)
FNDA:7,(anonymous_5)
FNDA:7,(anonymous_6)
FNDA:8,(anonymous_7)
FNDA:1,(anonymous_8)
FNDA:1,(anonymous_9)
FNDA:0,(anonymous_10)
FNDA:9,(anonymous_11)
FNDA:0,(anonymous_12)
FNDA:0,(anonymous_13)
FNDA:16,(anonymous_14)
FNDA:0,(anonymous_15)
FNDA:8,(anonymous_16)
FNDA:0,(anonymous_17)
FNDA:1,(anonymous_18)
DA:7,16
DA:8,16
DA:9,16
DA:10,16
DA:11,16
DA:12,16
DA:13,16
DA:14,16
DA:16,16
DA:17,8
DA:18,8
DA:19,8
DA:20,8
DA:21,8
DA:24,16
DA:25,7
DA:26,7
DA:29,16
DA:30,8
DA:34,16
DA:35,1
DA:36,1
DA:37,1
DA:38,0
DA:39,0
DA:42,16
DA:62,1
DA:68,0
DA:73,9
DA:80,0
DA:85,0
DA:105,16
DA:107,0
DA:124,8
DA:148,0
DA:155,1
LF:36
LH:29
BRDA:18,0,0,1
BRDA:18,0,1,7
BRDA:19,1,0,0
BRDA:19,1,1,8
BRDA:20,2,0,0
BRDA:20,2,1,8
BRDA:37,3,0,1
BRDA:37,3,1,0
BRDA:93,4,0,7
BRDA:93,4,1,9
BRDA:95,5,0,1
BRDA:95,5,1,8
BRDA:116,6,0,16
BRDA:116,6,1,16
BRDA:121,7,0,16
BRDA:121,7,1,8
BRF:16
BRH:13
end_of_record
TN:
SF:src/pages/TagsManagement.js
FN:10,TagsManagement
FN:16,(anonymous_1)
FN:16,(anonymous_2)
FN:18,(anonymous_3)
FN:20,(anonymous_4)
FN:35,(anonymous_5)
FN:58,(anonymous_6)
FN:68,(anonymous_7)
FN:71,(anonymous_8)
FN:79,(anonymous_9)
FN:104,(anonymous_10)
FN:112,(anonymous_11)
FNF:12
FNH:10
FNDA:14,TagsManagement
FNDA:7,(anonymous_1)
FNDA:7,(anonymous_2)
FNDA:5,(anonymous_3)
FNDA:1,(anonymous_4)
FNDA:1,(anonymous_5)
FNDA:1,(anonymous_6)
FNDA:0,(anonymous_7)
FNDA:112,(anonymous_8)
FNDA:0,(anonymous_9)
FNDA:19,(anonymous_10)
FNDA:1,(anonymous_11)
DA:5,1
DA:11,14
DA:12,14
DA:13,14
DA:14,14
DA:16,14
DA:18,14
DA:20,14
DA:21,1
DA:22,1
DA:23,1
DA:24,1
DA:25,1
DA:26,1
DA:27,1
DA:29,0
DA:31,1
DA:35,14
DA:36,1
DA:37,1
DA:38,1
DA:41,14
DA:58,1
DA:68,0
DA:72,112
DA:79,0
DA:105,19
DA:112,1
LF:28
LH:25
BRDA:29,0,0,0
BRDA:29,0,1,0
BRDA:36,1,0,0
BRDA:36,1,1,1
BRDA:48,2,0,14
BRDA:48,2,1,0
BRDA:76,3,0,14
BRDA:76,3,1,98
BRDA:90,4,0,1
BRDA:90,4,1,13
BRDA:100,5,0,5
BRDA:100,5,1,9
BRF:12
BRH:8
end_of_record
TN:
SF:src/services/api.js
FN:10,(anonymous_0)
FN:11,(anonymous_1)
FN:12,(anonymous_2)
FN:13,(anonymous_3)
FN:14,(anonymous_4)
FN:15,(anonymous_5)
FN:16,(anonymous_6)
FN:17,(anonymous_7)
FN:18,(anonymous_8)
FN:19,(anonymous_9)
FN:20,(anonymous_10)
FN:21,(anonymous_11)
FN:26,(anonymous_12)
FN:27,(anonymous_13)
FN:28,(anonymous_14)
FN:33,(anonymous_15)
FN:34,(anonymous_16)
FN:35,(anonymous_17)
FN:36,(anonymous_18)
FN:37,(anonymous_19)
FNF:20
FNH:0
FNDA:0,(anonymous_0)
FNDA:0,(anonymous_1)
FNDA:0,(anonymous_2)
FNDA:0,(anonymous_3)
FNDA:0,(anonymous_4)
FNDA:0,(anonymous_5)
FNDA:0,(anonymous_6)
FNDA:0,(anonymous_7)
FNDA:0,(anonymous_8)
FNDA:0,(anonymous_9)
FNDA:0,(anonymous_10)
FNDA:0,(anonymous_11)
FNDA:0,(anonymous_12)
FNDA:0,(anonymous_13)
FNDA:0,(anonymous_14)
FNDA:0,(anonymous_15)
FNDA:0,(anonymous_16)
FNDA:0,(anonymous_17)
FNDA:0,(anonymous_18)
FNDA:0,(anonymous_19)
DA:3,7
DA:9,7
DA:10,0
DA:11,0
DA:12,0
DA:13,0
DA:14,0
DA:15,0
DA:16,0
DA:17,0
DA:18,0
DA:19,0
DA:20,0
DA:21,0
DA:25,7
DA:26,0
DA:27,0
DA:28,0
DA:32,7
DA:33,0
DA:34,0
DA:35,0
DA:36,0
DA:37,0
LF:24
LH:4
BRDA:4,0,0,7
BRDA:4,0,1,7
BRF:2
BRH:2
end_of_record
